Load Modules
Lmod Warning: The architecture selection module has been deprecated. The
module system will now autonomously handle the proper selection of binaries. 
While processing the following module(s):
    Module fullname     Module Filename
    ---------------     ---------------
    architecture/Intel  /orfeo/opt/modules/profiles/architecture/Intel.lua

set topology
data folder is /u/dssc/ldavin00/Foundations_of_HPC_final_project/exercise1/OpenMP_scal/THIN
compile c file
file compiled, executable is game_of_life_parallel.exe
initialise playground
running static evolution
Get arguments
Arguments are: 
action = 2
k = 100
e = 1
f = playground.pgm
n_steps = 5
n_dump = 2
Define at which steps a snapshot will be taken
Start MPI environment
Get arguments
Arguments are: 
action = 2
k = 100
e = 1
f = playground.pgm
n_steps = 5
n_dump = 2
Define at which steps a snapshot will be taken
Start MPI environment
Provided Thread level: 1
Provided Thread level: 1
Number of processes: 2
OpenMP threads per process: 12
About to read header
About to read header
About to read playground
Playground read
distribute rows between MPI processes
Allocated memory to evolve the playground
rank = 1, thread = 0, cells per thread = 9
Calculate displacement and counts
rank = 1, thread = 8, cells per thread = 9
Calculate displacement and counts
rank = 1, thread = 10, cells per thread = 8
About to read playground
Playground read
0 0 1 1 1 0 0 0 0 0 0 0 1 1 1 
0 0 0 0 0 0 0 1 0 0 1 1 0 0 1 
Calculate displacement and counts
rank = 1, thread = 7, cells per thread = 9
Calculate displacement and counts
rank = 1, thread = 6, cells per thread = 9
0 0 1 0 0 1 0 1 1 0 0 0 0 1 1 
0 0 1 0 1 1 0 1 1 1 0 0 0 1 1 
Calculate displacement and counts
rank = 1, thread = 3, cells per thread = 9
Calculate displacement and counts
rank = 1, thread = 5, cells per thread = 9
Calculate displacement and counts
0 1 0 1 0 0 1 0 1 1 0 1 1 1 0 
0 0 0 0 0 0 0 1 1 1 0 0 0 0 0 
0 1 1 1 0 0 0 1 0 0 0 0 1 1 1 
0 0 0 0 0 1 1 1 0 0 0 0 0 0 1 
1 1 0 1 0 0 0 0 1 0 1 0 0 0 1 
0 1 1 1 0 0 0 1 0 0 0 1 0 0 0 
1 0 0 0 1 0 0 1 0 1 0 1 1 0 0 
rank = 1, thread = 9, cells per thread = 8
Calculate displacement and counts
1 0 0 0 1 0 0 0 1 0 1 0 1 1 1 
0 0 1 1 0 0 0 1 0 0 0 1 1 1 1 
1 0 1 0 1 1 1 1 1 1 0 0 0 0 0 
0 0 1 0 0 0 0 1 1 0 0 1 1 1 1 
distribute rows between MPI processes
rank = 1, thread = 4, cells per thread = 9
Calculate displacement and counts
Allocated memory to evolve the playground
distribute rows between 12 threads
rank = 0, thread = 4, cells per thread = 10
rank = 0, thread = 10, cells per thread = 10
rank = 0, thread = 7, cells per thread = 10
rank = 0, thread = 11, cells per thread = 10
rank = 0, thread = 5, cells per thread = 10
rank = 0, thread = 2, cells per thread = 10
rank = 0, thread = 6, cells per thread = 10
rank = 0, thread = 1, cells per thread = 10
rank = 0, thread = 3, cells per thread = 10
rank = 0, thread = 8, cells per thread = 10
Calculate displacement and counts
Calculate displacement and counts
Calculate displacement and counts
Calculate displacement and counts
Calculate displacement and counts
Calculate displacement and counts
Calculate displacement and counts
Calculate displacement and counts
Calculate displacement and counts
Calculate displacement and counts
rank = 0, thread = 0, cells per thread = 10
Calculate displacement and counts
Displacement: 0, 120
 Counts: 120, 105
rank = 0, thread = 9, cells per thread = 10
Calculate displacement and counts
rank = 1, thread = 1, cells per thread = 9
Calculate displacement and counts
rank = 1, thread = 2, cells per thread = 9
Calculate displacement and counts
rank = 1, thread = 11, cells per thread = 8
Calculate displacement and counts
Ended for cycle
Ended for cycle
Ended for cycle
Ended for cycle
Ended for cycle
Ended for cycle
Ended for cycle
Ended for cycle
Ended for cycle
Ended for cycle
Ended for cycle
Ended for cycle
Ended for cycle
Ended for cycle
Ended for cycle
Ended for cycle
Ended for cycle
Ended for cycle
Ended for cycle
Gather was succesful
Gather was succesful
Gather was succesful
Gather was succesful
Gather was succesful
Gather was succesful
Gather was succesful
Gather was succesful
Gather was succesful
Ended for cycle
Ended for cycle
Ended for cycle
Ended for cycle
Ended for cycle
Gather was succesful
Gather was succesful
Gather was succesful
Gather was succesful
Gather was succesful
Gather was succesful
Gather was succesful
Gather was succesful
Ended for cycle
Ended for cycle
Ended for cycle
Ended for cycle
Ended for cycle
Ended for cycle
Gather was succesful
Gather was succesful
Gather was succesful
Gather was succesful
Gather was succesful
Ended for cycle
Ended for cycle
Gather was succesful
Gather was succesful
Ended for cycle
Ended for cycle
Ended for cycle
Ended for cycle
Ended for cycle
Ended for cycle
Ended for cycle
Ended for cycle
Ended for cycle
Ended for cycle
Ended for cycle
Ended for cycle
Ended for cycle
Gather was succesful
Gather was succesful
Print evolved playground at step 1
0 0 0 Gather was succesful
Gather was succesful
Ended for cycle
Ended for cycle
Gather was succesful
Ended for cycle
Gather was succesful
Gather was succesful
Gather was succesful
Gather was succesful
Gather was succesful
Gather was succesful
Gather was succesful
Gather was succesful
Gather was succesful
Gather was succesful
0 0 0 0 0 0 0 0 1 1 1 0 
0 0 0 0 0 0 0 0 0 0 0 0 1 0 1 
0 0 0 0 0 0 0 1 1 0 0 0 1 0 1 
Gather was succesful
Gather was succesful
Gather was succesful
Gather was succesful
0 0 0 0 0 0 0 0 0 1 1 0 0 0 0 
0 0 0 0 0 0 1 1 0 1 0 0 1 1 0 
0 0 0 0 0 0 1 1 1 1 1 1 0 0 0 
0 0 1 0 0 0 0 0 0 0 0 0 0 1 0 
0 0 0 0 0 0 0 0 0 0 0 1 1 1 0 
1 1 1 1 0 0 1 1 1 1 1 0 0 0 0 
1 1 1 0 1 1 1 1 1 1 0 1 0 0 0 
1 Gather was succesful
1 0 1 1 1 0 0 0 0 1 1 1 0 0 
1 1 1 0 1 1 0 0 0 0 1 1 0 0 0 
1 0 1 1 1 1 1 0 0 0 0 0 1 1 1 
1 1 0 1 1 0 1 0 0 1 1 1 0 0 1 
1 0 1 0 1 1 0 0 0 1 0 0 0 1 1 
Snapshot 1
0 0 0 0 0 0 0 0 0 0 0 1 1 1 0 
0 0 0 0 0 0 0 0 0 0 0 0 1 0 1 
0 0 0 0 0 0 0 1 1 0 0 0 1 0 1 
0 0 0 0 0 0 0 0 0 1 1 0 0 0 0 
0 0 0 0 0 0 1 1 0 1 0 0 1 1 0 
0 0 0 0 0 0 1 1 1 1 1 1 0 0 0 
0 0 1 0 0 0 0 0 0 0 0 0 0 1 0 
0 0 0 0 0 0 0 0 0 0 0 1 1 1 0 
1 1 1 1 0 0 1 1 1 1 1 0 0 0 0 
1 1 1 0 1 1 1 1 1 1 0 1 0 0 0 
1 1 0 1 1 1 0 0 0 0 1 1 1 0 0 
1 1 1 0 1 1 0 0 0 0 1 1 0 0 0 
1 0 1 1 1 1 1 0 0 0 0 0 1 1 1 
1 1 0 1 1 0 1 0 0 1 1 1 0 0 1 
1 0 1 0 1 1 0 0 0 1 0 0 0 1 1 

Gather was succesful
Gather was succesful
Gather was succesful
Gather was succesful
Ended for cycle
Ended for cycle
Ended for cycle
Ended for cycle
Ended for cycle
Ended for cycle
Ended for cycle
Ended for cycle
Ended for cycle
Ended for cycle
Ended for cycle
Ended for cycle
Gather was succesful
Gather was succesful
Gather was succesful
Gather was succesful
Gather was succesful
Gather was succesful
Gather was succesful
Gather was succesful
Gather was succesful
Gather was succesful
Gather was succesful
Gather was succesful
Ended for cycle
Ended for cycle
Ended for cycle
Ended for cycle
Ended for cycle
Ended for cycle
Ended for cycle
Ended for cycle
Ended for cycle
Ended for cycle
Ended for cycle
Ended for cycle
Gather was succesful
Gather was succesful
Gather was succesful
Gather was succesful
Gather was succesful
Gather was succesful
Gather was succesful
Gather was succesful
Gather was succesful
Gather was succesful
Gather was succesful
Gather was succesful
Ended for cycle
Ended for cycle
Ended for cycle
Ended for cycle
Ended for cycle
Ended for cycle
Ended for cycle
Ended for cycle
Ended for cycle
Ended for cycle
Ended for cycle
Ended for cycle
Gather was succesful
Gather was succesful
Gather was succesful
Gather was succesful
Gather was succesful
Gather was succesful
Gather was succesful
Gather was succesful
Gather was succesful
Gather was succesful
Gather was succesful
Gather was succesful
Snapshot saved
Ended for cycle
Ended for cycle
Ended for cycle
Ended for cycle
Ended for cycle
Ended for cycle
Ended for cycle
Ended for cycle
Ended for cycle
Ended for cycle
Ended for cycle
Ended for cycle
Gather was succesful
Gather was succesful
Gather was succesful
Gather was succesful
Gather was succesful
Gather was succesful
Gather was succesful
Gather was succesful
Gather was succesful
Gather was succesful
Gather was succesful
Gather was succesful
Ended for cycle
Ended for cycle
Ended for cycle
Ended for cycle
Ended for cycle
Ended for cycle
Ended for cycle
Ended for cycle
Ended for cycle
Ended for cycle
Ended for cycle
Ended for cycle
Gather was succesful
Gather was succesful
Gather was succesful
Gather was succesful
Gather was succesful
Gather was succesful
Gather was succesful
Gather was succesful
Gather was succesful
Gather was succesful
Print evolved playground at step 3
0 0 1 1 0 1 1 1 1 1 1 0 1 1 0 
0 0 1 1 1 1 1 1 1 0 0 0 1 0 1 
1 1 0 0 0 0 1 0 0 0 0 0 1 1 0 
1 0 0 0 0 1 1 1 1 0 0 0 1 1 0 
1 0 0 0 1 0 0 1 1 0 0 0 0 0 1 
1 0 0 0 1 0 0 0 0 1 1 1 0 0 1 
0 0 0 0 1 0 0 0 0 0 0 0 0 0 0 
0 0 0 1 1 1 0 0 0 0 0 1 1 0 0 
1 1 1 1 0 0 1 1 1 1 1 0 0 0 0 
1 1 1 0 1 1 1 1 1 1 0 1 0 0 0 
1 1 0 1 1 1 0 0 0 0 1 1 1 0 0 
1 1 1 0 1 1 0 0 0 0 1 1 0 0 0 
1 0 1 1 1 1 1 0 0 0 0 0 1 1 1 
1 1 0 1 1 0 1 0 0 1 1 1 0 0 1 
1 0 1 0 1 1 0 0 0 1 0 0 0 1 1 
Snapshot 3
0 0 1 1 0 1 1 1 1 1 1 0 1 1 0 
Gather was succesful
0 0 1 1 1 1 1 1 1 0 0 0 1 0 1 
1 1 0 0 0 0 1 0 0 0 0 0 1 1 0 
1 0 0 0 0 1 1 1 1 0 0 0 1 1 0 
1 0 0 0 1 0 0 1 1 0 0 0 0 0 1 
1 0 0 0 1 0 0 0 0 1 1 1 0 0 1 
0 0 0 0 1 0 0 0 0 0 0 0 0 0 0 
0 0 0 1 1 1 0 0 0 0 0 1 1 0 0 
1 1 1 1 0 0 1 1 1 1 1 0 0 0 0 
1 1 1 0 1 1 1 1 1 1 0 1 0 0 0 
1 1 0 1 1 1 0 0 0 0 1 1 1 0 0 
1 1 1 0 1 1 0 0 0 0 1 1 0 0 0 
1 0 1 1 1 1 1 0 0 0 0 0 1 1 1 
1 1 0 1 1 0 1 0 0 1 1 1 0 0 1 
1 0 1 0 1 1 0 0 0 1 0 0 0 1 1 

Gather was succesful
Snapshot saved
Ended for cycle
Ended for cycle
Ended for cycle
Ended for cycle
Ended for cycle
Ended for cycle
Ended for cycle
Ended for cycle
Ended for cycle
Ended for cycle
Ended for cycle
Ended for cycle
Gather was succesful
Gather was succesful
Gather was succesful
Gather was succesful
Gather was succesful
Gather was succesful
Gather was succesful
Gather was succesful
Gather was succesful
Gather was succesful
Gather was succesful
Gather was succesful
Elapsed time is: 0.014182
program finished
removing modules
modules removed
removing executable
executable removed
